<?xml version="1.0" encoding="UTF-8"?>
<testsuite xmlns:xsi="http://www.w3.org/2001/XMLSchema-instance" xsi:noNamespaceSchemaLocation="https://maven.apache.org/surefire/maven-surefire-plugin/xsd/surefire-test-report-3.0.xsd" version="3.0" name="com.urbangent.productservice.ProductServiceApplicationTests" time="3.092" tests="1" errors="0" skipped="0" failures="0">
  <properties>
[...]
</properties>
  <testcase name="contextLoads" classname="com.urbangent.productservice.ProductServiceApplicationTests" time="0.003">
    <system-out><![CDATA[2026-06-18T11:45:54.164+05:30  INFO 6048 --- [product-service] [           main] t.c.s.AnnotationConfigContextLoaderUtils : Could not detect default configuration classes for test class [com.urbangent.productservice.ProductServiceApplicationTests]: ProductServiceApplicationTests does not declare any static, non-private, non-final, nested classes annotated with @Configuration.
2026-06-18T11:45:54.176+05:30  INFO 6048 --- [product-service] [           main] .b.t.c.SpringBootTestContextBootstrapper : Found @SpringBootConfiguration com.urbangent.productservice.ProductServiceApplication for test class com.urbangent.productservice.ProductServiceApplicationTests

  .   ____          _            __ _ _
 /\\ / ___'_ __ _ _(_)_ __  __ _ \ \ \ \
( ( )\___ | '_ | '_| | '_ \/ _` | \ \ \ \
 \\/  ___)| |_)| | | | | || (_| |  ) ) ) )
  '  |____| .__|_| |_|_| |_\__, | / / / /
 =========|_|==============|___/=/_/_/_/
 :: Spring Boot ::                (v3.2.0)

2026-06-18T11:45:54.281+05:30  INFO 6048 --- [product-service] [           main] c.u.p.ProductServiceApplicationTests     : Starting ProductServiceApplicationTests using Java 26.0.1 with PID 6048 (started by Gautham in C:\Users\Gautham\Desktop\Enterprice Application Development - Group Project\product-service)
2026-06-18T11:45:54.281+05:30  INFO 6048 --- [product-service] [           main] c.u.p.ProductServiceApplicationTests     : The following 1 profile is active: "test"
2026-06-18T11:45:54.777+05:30  INFO 6048 --- [product-service] [           main] .s.d.r.c.RepositoryConfigurationDelegate : Bootstrapping Spring Data JPA repositories in DEFAULT mode.
2026-06-18T11:45:54.947+05:30  INFO 6048 --- [product-service] [           main] .s.d.r.c.RepositoryConfigurationDelegate : Finished Spring Data repository scanning in 60 ms. Found 1 JPA repository interface.
2026-06-18T11:45:55.263+05:30  INFO 6048 --- [product-service] [           main] o.hibernate.jpa.internal.util.LogHelper  : HHH000204: Processing PersistenceUnitInfo [name: default]
2026-06-18T11:45:55.334+05:30  INFO 6048 --- [product-service] [           main] org.hibernate.Version                    : HHH000412: Hibernate ORM core version 6.3.1.Final
2026-06-18T11:45:55.374+05:30  INFO 6048 --- [product-service] [           main] o.h.c.internal.RegionFactoryInitiator    : HHH000026: Second-level cache disabled
2026-06-18T11:45:55.473+05:30  INFO 6048 --- [product-service] [           main] o.s.o.j.p.SpringPersistenceUnitInfo      : No LoadTimeWeaver setup: ignoring JPA class transformer
2026-06-18T11:45:55.511+05:30  INFO 6048 --- [product-service] [           main] com.zaxxer.hikari.HikariDataSource       : HikariPool-1 - Starting...
2026-06-18T11:45:55.699+05:30  INFO 6048 --- [product-service] [           main] com.zaxxer.hikari.pool.HikariPool        : HikariPool-1 - Added connection conn0: url=jdbc:h2:mem:testdb user=SA
2026-06-18T11:45:55.701+05:30  INFO 6048 --- [product-service] [           main] com.zaxxer.hikari.HikariDataSource       : HikariPool-1 - Start completed.
2026-06-18T11:45:55.722+05:30  WARN 6048 --- [product-service] [           main] org.hibernate.dialect.Dialect            : HHH000511: The 2.2.0 version for [org.hibernate.dialect.PostgreSQLDialect] is no longer supported, hence certain features may not work properly. The minimum supported version is 11.0.0. Check the community dialects project for available legacy versions.
2026-06-18T11:45:55.726+05:30  WARN 6048 --- [product-service] [           main] org.hibernate.orm.deprecation            : HHH90000025: PostgreSQLDialect does not need to be specified explicitly using 'hibernate.dialect' (remove the property setting and it will be selected by default)
2026-06-18T11:45:56.380+05:30  INFO 6048 --- [product-service] [           main] o.h.e.t.j.p.i.JtaPlatformInitiator       : HHH000489: No JTA platform available (set 'hibernate.transaction.jta.platform' to enable JTA platform integration)
Hibernate: drop table if exists products cascade
Hibernate: create table products (stock integer, unit_price numeric(38,2), product_id uuid not null, brand varchar(255), category varchar(255) check (category in ('SHIRTS','TROUSERS','SHOES','ACCESSORIES','OUTERWEAR','SUITS')), color varchar(255), description varchar(255), material varchar(255), name varchar(255), size varchar(255), primary key (product_id))
2026-06-18T11:45:56.425+05:30  INFO 6048 --- [product-service] [           main] j.LocalContainerEntityManagerFactoryBean : Initialized JPA EntityManagerFactory for persistence unit 'default'
2026-06-18T11:45:56.973+05:30  WARN 6048 --- [product-service] [           main] JpaBaseConfiguration$JpaWebConfiguration : spring.jpa.open-in-view is enabled by default. Therefore, database queries may be performed during view rendering. Explicitly configure spring.jpa.open-in-view to disable this warning
2026-06-18T11:45:57.245+05:30  INFO 6048 --- [product-service] [           main] c.u.p.ProductServiceApplicationTests     : Started ProductServiceApplicationTests in 3.061 seconds (process running for 7.632)
]]></system-out>
  </testcase>
</testsuite>